0 info it worked if it ends with ok
1 verbose cli [ 'C:\\Program Files (x86)\\nodejs\\\\node.exe',
1 verbose cli   'C:\\Program Files (x86)\\nodejs\\node_modules\\npm\\bin\\npm-cli.js',
1 verbose cli   'i' ]
2 info using npm@1.3.2
3 info using node@v0.10.13
4 verbose node symlink C:\Program Files (x86)\nodejs\\node.exe
5 verbose readDependencies using package.json deps
6 verbose install where, deps [ 'E:\\Work\\Web Development\\mqtt', [ 'mosca', 'mqtt' ] ]
7 info preinstall mqtt-poc@1.0.0
8 verbose readDependencies using package.json deps
9 verbose cache add [ 'mosca@^2.8.3', null ]
10 verbose cache add name=undefined spec="mosca@^2.8.3" args=["mosca@^2.8.3",null]
11 verbose parsed url { protocol: null,
11 verbose parsed url   slashes: null,
11 verbose parsed url   auth: null,
11 verbose parsed url   host: null,
11 verbose parsed url   port: null,
11 verbose parsed url   hostname: null,
11 verbose parsed url   hash: null,
11 verbose parsed url   search: null,
11 verbose parsed url   query: null,
11 verbose parsed url   pathname: 'mosca@^2.8.3',
11 verbose parsed url   path: 'mosca@^2.8.3',
11 verbose parsed url   href: 'mosca@^2.8.3' }
12 verbose cache add name="mosca" spec="^2.8.3" args=["mosca","^2.8.3"]
13 verbose parsed url { protocol: null,
13 verbose parsed url   slashes: null,
13 verbose parsed url   auth: null,
13 verbose parsed url   host: null,
13 verbose parsed url   port: null,
13 verbose parsed url   hostname: null,
13 verbose parsed url   hash: null,
13 verbose parsed url   search: null,
13 verbose parsed url   query: null,
13 verbose parsed url   pathname: '^2.8.3',
13 verbose parsed url   path: '^2.8.3',
13 verbose parsed url   href: '^2.8.3' }
14 verbose addNamed [ 'mosca', '^2.8.3' ]
15 verbose addNamed [ null, null ]
16 verbose cache add [ 'mqtt@^4.2.6', null ]
17 verbose cache add name=undefined spec="mqtt@^4.2.6" args=["mqtt@^4.2.6",null]
18 verbose parsed url { protocol: null,
18 verbose parsed url   slashes: null,
18 verbose parsed url   auth: null,
18 verbose parsed url   host: null,
18 verbose parsed url   port: null,
18 verbose parsed url   hostname: null,
18 verbose parsed url   hash: null,
18 verbose parsed url   search: null,
18 verbose parsed url   query: null,
18 verbose parsed url   pathname: 'mqtt@^4.2.6',
18 verbose parsed url   path: 'mqtt@^4.2.6',
18 verbose parsed url   href: 'mqtt@^4.2.6' }
19 verbose cache add name="mqtt" spec="^4.2.6" args=["mqtt","^4.2.6"]
20 verbose parsed url { protocol: null,
20 verbose parsed url   slashes: null,
20 verbose parsed url   auth: null,
20 verbose parsed url   host: null,
20 verbose parsed url   port: null,
20 verbose parsed url   hostname: null,
20 verbose parsed url   hash: null,
20 verbose parsed url   search: null,
20 verbose parsed url   query: null,
20 verbose parsed url   pathname: '^4.2.6',
20 verbose parsed url   path: '^4.2.6',
20 verbose parsed url   href: '^4.2.6' }
21 verbose addNamed [ 'mqtt', '^4.2.6' ]
22 verbose addNamed [ null, null ]
23 silly lockFile b48bbff8-mosca-2-8-3 mosca@^2.8.3
24 verbose lock mosca@^2.8.3 C:\Users\nikhil\AppData\Roaming\npm-cache\b48bbff8-mosca-2-8-3.lock
25 silly lockFile 84ff6bd1-mqtt-4-2-6 mqtt@^4.2.6
26 verbose lock mqtt@^4.2.6 C:\Users\nikhil\AppData\Roaming\npm-cache\84ff6bd1-mqtt-4-2-6.lock
27 silly addNameRange { name: 'mosca', range: '*', hasData: false }
28 silly addNameRange { name: 'mqtt', range: '*', hasData: false }
29 verbose url raw mosca
30 verbose url resolving [ 'https://registry.npmjs.org/', './mosca' ]
31 verbose url resolved https://registry.npmjs.org/mosca
32 info trying registry request attempt 1 at 20:37:07
33 http GET https://registry.npmjs.org/mosca
34 verbose url raw mqtt
35 verbose url resolving [ 'https://registry.npmjs.org/', './mqtt' ]
36 verbose url resolved https://registry.npmjs.org/mqtt
37 info trying registry request attempt 1 at 20:37:07
38 http GET https://registry.npmjs.org/mqtt
39 info retry will retry, error on last attempt: Error: CERT_UNTRUSTED
40 info retry will retry, error on last attempt: Error: CERT_UNTRUSTED
41 info trying registry request attempt 2 at 20:37:17
42 http GET https://registry.npmjs.org/mqtt
43 info trying registry request attempt 2 at 20:37:17
44 http GET https://registry.npmjs.org/mosca
45 info retry will retry, error on last attempt: Error: CERT_UNTRUSTED
46 info retry will retry, error on last attempt: Error: CERT_UNTRUSTED
47 info trying registry request attempt 3 at 20:38:18
48 http GET https://registry.npmjs.org/mosca
49 silly lockFile b48bbff8-mosca-2-8-3 mosca@^2.8.3
50 silly lockFile b48bbff8-mosca-2-8-3 mosca@^2.8.3
51 error Error: CERT_UNTRUSTED
51 error     at SecurePair.<anonymous> (tls.js:1349:32)
51 error     at SecurePair.EventEmitter.emit (events.js:92:17)
51 error     at SecurePair.maybeInitFinished (tls.js:962:10)
51 error     at CleartextStream.read [as _read] (tls.js:463:15)
51 error     at CleartextStream.Readable.read (_stream_readable.js:320:10)
51 error     at EncryptedStream.write [as _write] (tls.js:366:25)
51 error     at doWrite (_stream_writable.js:219:10)
51 error     at writeOrBuffer (_stream_writable.js:209:5)
51 error     at EncryptedStream.Writable.write (_stream_writable.js:180:11)
51 error     at write (_stream_readable.js:573:24)
52 error If you need help, you may report this log at:
52 error     <http://github.com/isaacs/npm/issues>
52 error or email it to:
52 error     <npm-@googlegroups.com>
53 error System Windows_NT 6.1.7601
54 error command "C:\\Program Files (x86)\\nodejs\\\\node.exe" "C:\\Program Files (x86)\\nodejs\\node_modules\\npm\\bin\\npm-cli.js" "i"
55 error cwd E:\Work\Web Development\mqtt
56 error node -v v0.10.13
57 error npm -v 1.3.2
58 verbose exit [ 1, true ]
